  Game.cpp
c:\users\danie\onedrive\uni\year 3\in 3026 advanced games tech\coursework\milestone 2\daniel kirwan milestone 2 - final\template\game.cpp(108): warning C4018: '<': signed/unsigned mismatch
c:\users\danie\onedrive\uni\year 3\in 3026 advanced games tech\coursework\milestone 2\daniel kirwan milestone 2 - final\template\game.cpp(127): warning C4018: '<': signed/unsigned mismatch
c:\users\danie\onedrive\uni\year 3\in 3026 advanced games tech\coursework\milestone 2\daniel kirwan milestone 2 - final\template\game.cpp(145): warning C4018: '<': signed/unsigned mismatch
c:\users\danie\onedrive\uni\year 3\in 3026 advanced games tech\coursework\milestone 2\daniel kirwan milestone 2 - final\template\game.cpp(163): warning C4018: '<': signed/unsigned mismatch
c:\users\danie\onedrive\uni\year 3\in 3026 advanced games tech\coursework\milestone 2\daniel kirwan milestone 2 - final\template\game.cpp(182): warning C4018: '<': signed/unsigned mismatch
c:\users\danie\onedrive\uni\year 3\in 3026 advanced games tech\coursework\milestone 2\daniel kirwan milestone 2 - final\template\game.cpp(201): warning C4018: '<': signed/unsigned mismatch
c:\users\danie\onedrive\uni\year 3\in 3026 advanced games tech\coursework\milestone 2\daniel kirwan milestone 2 - final\template\game.cpp(219): warning C4018: '<': signed/unsigned mismatch
c:\users\danie\onedrive\uni\year 3\in 3026 advanced games tech\coursework\milestone 2\daniel kirwan milestone 2 - final\template\game.cpp(238): warning C4018: '<': signed/unsigned mismatch
c:\users\danie\onedrive\uni\year 3\in 3026 advanced games tech\coursework\milestone 2\daniel kirwan milestone 2 - final\template\game.cpp(299): warning C4018: '<': signed/unsigned mismatch
c:\users\danie\onedrive\uni\year 3\in 3026 advanced games tech\coursework\milestone 2\daniel kirwan milestone 2 - final\template\game.cpp(310): warning C4018: '<': signed/unsigned mismatch
c:\users\danie\onedrive\uni\year 3\in 3026 advanced games tech\coursework\milestone 2\daniel kirwan milestone 2 - final\template\game.cpp(321): warning C4018: '<': signed/unsigned mismatch
c:\users\danie\onedrive\uni\year 3\in 3026 advanced games tech\coursework\milestone 2\daniel kirwan milestone 2 - final\template\game.cpp(333): warning C4018: '<': signed/unsigned mismatch
c:\users\danie\onedrive\uni\year 3\in 3026 advanced games tech\coursework\milestone 2\daniel kirwan milestone 2 - final\template\game.cpp(345): warning C4018: '<': signed/unsigned mismatch
c:\users\danie\onedrive\uni\year 3\in 3026 advanced games tech\coursework\milestone 2\daniel kirwan milestone 2 - final\template\game.cpp(357): warning C4018: '<': signed/unsigned mismatch
c:\users\danie\onedrive\uni\year 3\in 3026 advanced games tech\coursework\milestone 2\daniel kirwan milestone 2 - final\template\game.cpp(369): warning C4018: '<': signed/unsigned mismatch
c:\users\danie\onedrive\uni\year 3\in 3026 advanced games tech\coursework\milestone 2\daniel kirwan milestone 2 - final\template\game.cpp(381): warning C4018: '<': signed/unsigned mismatch
c:\users\danie\onedrive\uni\year 3\in 3026 advanced games tech\coursework\milestone 2\daniel kirwan milestone 2 - final\template\game.cpp(650): warning C4018: '<': signed/unsigned mismatch
c:\users\danie\onedrive\uni\year 3\in 3026 advanced games tech\coursework\milestone 2\daniel kirwan milestone 2 - final\template\game.cpp(656): warning C4018: '<': signed/unsigned mismatch
c:\users\danie\onedrive\uni\year 3\in 3026 advanced games tech\coursework\milestone 2\daniel kirwan milestone 2 - final\template\game.cpp(662): warning C4018: '<': signed/unsigned mismatch
c:\users\danie\onedrive\uni\year 3\in 3026 advanced games tech\coursework\milestone 2\daniel kirwan milestone 2 - final\template\game.cpp(668): warning C4018: '<': signed/unsigned mismatch
c:\users\danie\onedrive\uni\year 3\in 3026 advanced games tech\coursework\milestone 2\daniel kirwan milestone 2 - final\template\game.cpp(674): warning C4018: '<': signed/unsigned mismatch
c:\users\danie\onedrive\uni\year 3\in 3026 advanced games tech\coursework\milestone 2\daniel kirwan milestone 2 - final\template\game.cpp(680): warning C4018: '<': signed/unsigned mismatch
c:\users\danie\onedrive\uni\year 3\in 3026 advanced games tech\coursework\milestone 2\daniel kirwan milestone 2 - final\template\game.cpp(686): warning C4018: '<': signed/unsigned mismatch
c:\users\danie\onedrive\uni\year 3\in 3026 advanced games tech\coursework\milestone 2\daniel kirwan milestone 2 - final\template\game.cpp(692): warning C4018: '<': signed/unsigned mismatch
  Hands.cpp
  Generating Code...
  template.vcxproj -> C:\Users\danie\OneDrive\Uni\Year 3\IN 3026 Advanced Games Tech\Coursework\MIlestone 2\Daniel Kirwan Milestone 2 - Final\Debug\template.exe
