c:\users\danie\onedrive\uni\year 3\in 3026 advanced games tech\coursework\milestone 1\daniel kirwan milestone 1\template\debug\vc141.pdb
c:\users\danie\onedrive\uni\year 3\in 3026 advanced games tech\coursework\milestone 1\daniel kirwan milestone 1\template\debug\vc141.idb
c:\users\danie\onedrive\uni\year 3\in 3026 advanced games tech\coursework\milestone 1\daniel kirwan milestone 1\template\debug\texture.obj
c:\users\danie\onedrive\uni\year 3\in 3026 advanced games tech\coursework\milestone 1\daniel kirwan milestone 1\template\debug\text.obj
c:\users\danie\onedrive\uni\year 3\in 3026 advanced games tech\coursework\milestone 1\daniel kirwan milestone 1\template\debug\tetrahedron.obj
c:\users\danie\onedrive\uni\year 3\in 3026 advanced games tech\coursework\milestone 1\daniel kirwan milestone 1\template\debug\terrain.obj
c:\users\danie\onedrive\uni\year 3\in 3026 advanced games tech\coursework\milestone 1\daniel kirwan milestone 1\template\debug\specialfx.obj
c:\users\danie\onedrive\uni\year 3\in 3026 advanced games tech\coursework\milestone 1\daniel kirwan milestone 1\template\debug\skybox.obj
c:\users\danie\onedrive\uni\year 3\in 3026 advanced games tech\coursework\milestone 1\daniel kirwan milestone 1\template\debug\score.obj
c:\users\danie\onedrive\uni\year 3\in 3026 advanced games tech\coursework\milestone 1\daniel kirwan milestone 1\template\debug\player.obj
c:\users\danie\onedrive\uni\year 3\in 3026 advanced games tech\coursework\milestone 1\daniel kirwan milestone 1\template\debug\openassetimportermesh.obj
c:\users\danie\onedrive\uni\year 3\in 3026 advanced games tech\coursework\milestone 1\daniel kirwan milestone 1\template\debug\md2animation.obj
c:\users\danie\onedrive\uni\year 3\in 3026 advanced games tech\coursework\milestone 1\daniel kirwan milestone 1\template\debug\material.obj
c:\users\danie\onedrive\uni\year 3\in 3026 advanced games tech\coursework\milestone 1\daniel kirwan milestone 1\template\debug\lighting.obj
c:\users\danie\onedrive\uni\year 3\in 3026 advanced games tech\coursework\milestone 1\daniel kirwan milestone 1\template\debug\highresolutiontimer.obj
c:\users\danie\onedrive\uni\year 3\in 3026 advanced games tech\coursework\milestone 1\daniel kirwan milestone 1\template\debug\gamewindow.obj
c:\users\danie\onedrive\uni\year 3\in 3026 advanced games tech\coursework\milestone 1\daniel kirwan milestone 1\template\debug\game.obj
c:\users\danie\onedrive\uni\year 3\in 3026 advanced games tech\coursework\milestone 1\daniel kirwan milestone 1\template\debug\cube.obj
c:\users\danie\onedrive\uni\year 3\in 3026 advanced games tech\coursework\milestone 1\daniel kirwan milestone 1\template\debug\camera.obj
c:\users\danie\onedrive\uni\year 3\in 3026 advanced games tech\coursework\milestone 1\daniel kirwan milestone 1\template\debug\bouncingball.obj
c:\users\danie\onedrive\uni\year 3\in 3026 advanced games tech\coursework\milestone 1\daniel kirwan milestone 1\template\debug\bobbafett.obj
c:\users\danie\onedrive\uni\year 3\in 3026 advanced games tech\coursework\milestone 1\daniel kirwan milestone 1\template\debug\audio.obj
c:\users\danie\onedrive\uni\year 3\in 3026 advanced games tech\coursework\milestone 1\daniel kirwan milestone 1\template\debug\vector3f.obj
c:\users\danie\onedrive\uni\year 3\in 3026 advanced games tech\coursework\milestone 1\daniel kirwan milestone 1\template\debug\boundingbox.obj
c:\users\danie\onedrive\uni\year 3\in 3026 advanced games tech\coursework\milestone 2\daniel kirwan milestone 1\template\debug\vc141.pdb
c:\users\danie\onedrive\uni\year 3\in 3026 advanced games tech\coursework\milestone 2\daniel kirwan milestone 1\template\debug\vc141.idb
c:\users\danie\onedrive\uni\year 3\in 3026 advanced games tech\coursework\milestone 2\daniel kirwan milestone 1\template\debug\text.obj
c:\users\danie\onedrive\uni\year 3\in 3026 advanced games tech\coursework\milestone 2\daniel kirwan milestone 1\template\debug\tetrahedron.obj
c:\users\danie\onedrive\uni\year 3\in 3026 advanced games tech\coursework\milestone 2\daniel kirwan milestone 1\template\debug\terrain.obj
c:\users\danie\onedrive\uni\year 3\in 3026 advanced games tech\coursework\milestone 2\daniel kirwan milestone 1\template\debug\specialfx.obj
c:\users\danie\onedrive\uni\year 3\in 3026 advanced games tech\coursework\milestone 2\daniel kirwan milestone 1\template\debug\skybox.obj
c:\users\danie\onedrive\uni\year 3\in 3026 advanced games tech\coursework\milestone 2\daniel kirwan milestone 1\template\debug\score.obj
c:\users\danie\onedrive\uni\year 3\in 3026 advanced games tech\coursework\milestone 2\daniel kirwan milestone 1\template\debug\player.obj
c:\users\danie\onedrive\uni\year 3\in 3026 advanced games tech\coursework\milestone 2\daniel kirwan milestone 1\template\debug\openassetimportermesh.obj
c:\users\danie\onedrive\uni\year 3\in 3026 advanced games tech\coursework\milestone 2\daniel kirwan milestone 1\template\debug\md2animation.obj
c:\users\danie\onedrive\uni\year 3\in 3026 advanced games tech\coursework\milestone 2\daniel kirwan milestone 1\template\debug\material.obj
c:\users\danie\onedrive\uni\year 3\in 3026 advanced games tech\coursework\milestone 2\daniel kirwan milestone 1\template\debug\lighting.obj
c:\users\danie\onedrive\uni\year 3\in 3026 advanced games tech\coursework\milestone 2\daniel kirwan milestone 1\template\debug\highresolutiontimer.obj
c:\users\danie\onedrive\uni\year 3\in 3026 advanced games tech\coursework\milestone 2\daniel kirwan milestone 1\template\debug\gamewindow.obj
c:\users\danie\onedrive\uni\year 3\in 3026 advanced games tech\coursework\milestone 2\daniel kirwan milestone 1\template\debug\game.obj
c:\users\danie\onedrive\uni\year 3\in 3026 advanced games tech\coursework\milestone 2\daniel kirwan milestone 1\template\debug\cube.obj
c:\users\danie\onedrive\uni\year 3\in 3026 advanced games tech\coursework\milestone 2\daniel kirwan milestone 1\template\debug\camera.obj
c:\users\danie\onedrive\uni\year 3\in 3026 advanced games tech\coursework\milestone 2\daniel kirwan milestone 1\template\debug\boundingbox.obj
c:\users\danie\onedrive\uni\year 3\in 3026 advanced games tech\coursework\milestone 2\daniel kirwan milestone 1\template\debug\bouncingball.obj
c:\users\danie\onedrive\uni\year 3\in 3026 advanced games tech\coursework\milestone 2\daniel kirwan milestone 1\template\debug\bobbafett.obj
c:\users\danie\onedrive\uni\year 3\in 3026 advanced games tech\coursework\milestone 2\daniel kirwan milestone 1\template\debug\audio.obj
c:\users\danie\onedrive\uni\year 3\in 3026 advanced games tech\coursework\milestone 2\daniel kirwan milestone 1\template\debug\vector3f.obj
c:\users\danie\onedrive\uni\year 3\in 3026 advanced games tech\coursework\milestone 2\daniel kirwan milestone 1\template\debug\texture.obj
c:\users\danie\onedrive\uni\year 3\in 3026 advanced games tech\coursework\milestone 2\daniel kirwan milestone 2 - test\template\debug\vc141.pdb
c:\users\danie\onedrive\uni\year 3\in 3026 advanced games tech\coursework\milestone 2\daniel kirwan milestone 2 - test\template\debug\vc141.idb
c:\users\danie\onedrive\uni\year 3\in 3026 advanced games tech\coursework\milestone 2\daniel kirwan milestone 2 - test\template\debug\text.obj
c:\users\danie\onedrive\uni\year 3\in 3026 advanced games tech\coursework\milestone 2\daniel kirwan milestone 2 - test\template\debug\tetrahedron.obj
c:\users\danie\onedrive\uni\year 3\in 3026 advanced games tech\coursework\milestone 2\daniel kirwan milestone 2 - test\template\debug\terrain.obj
c:\users\danie\onedrive\uni\year 3\in 3026 advanced games tech\coursework\milestone 2\daniel kirwan milestone 2 - test\template\debug\specialfx.obj
c:\users\danie\onedrive\uni\year 3\in 3026 advanced games tech\coursework\milestone 2\daniel kirwan milestone 2 - test\template\debug\skybox.obj
c:\users\danie\onedrive\uni\year 3\in 3026 advanced games tech\coursework\milestone 2\daniel kirwan milestone 2 - test\template\debug\score.obj
c:\users\danie\onedrive\uni\year 3\in 3026 advanced games tech\coursework\milestone 2\daniel kirwan milestone 2 - test\template\debug\player.obj
c:\users\danie\onedrive\uni\year 3\in 3026 advanced games tech\coursework\milestone 2\daniel kirwan milestone 2 - test\template\debug\openassetimportermesh.obj
c:\users\danie\onedrive\uni\year 3\in 3026 advanced games tech\coursework\milestone 2\daniel kirwan milestone 2 - test\template\debug\md2animation.obj
c:\users\danie\onedrive\uni\year 3\in 3026 advanced games tech\coursework\milestone 2\daniel kirwan milestone 2 - test\template\debug\material.obj
c:\users\danie\onedrive\uni\year 3\in 3026 advanced games tech\coursework\milestone 2\daniel kirwan milestone 2 - test\template\debug\lighting.obj
c:\users\danie\onedrive\uni\year 3\in 3026 advanced games tech\coursework\milestone 2\daniel kirwan milestone 2 - test\template\debug\highresolutiontimer.obj
c:\users\danie\onedrive\uni\year 3\in 3026 advanced games tech\coursework\milestone 2\daniel kirwan milestone 2 - test\template\debug\gamewindow.obj
c:\users\danie\onedrive\uni\year 3\in 3026 advanced games tech\coursework\milestone 2\daniel kirwan milestone 2 - test\template\debug\game.obj
c:\users\danie\onedrive\uni\year 3\in 3026 advanced games tech\coursework\milestone 2\daniel kirwan milestone 2 - test\template\debug\cube.obj
c:\users\danie\onedrive\uni\year 3\in 3026 advanced games tech\coursework\milestone 2\daniel kirwan milestone 2 - test\template\debug\camera.obj
c:\users\danie\onedrive\uni\year 3\in 3026 advanced games tech\coursework\milestone 2\daniel kirwan milestone 2 - test\template\debug\boundingbox.obj
c:\users\danie\onedrive\uni\year 3\in 3026 advanced games tech\coursework\milestone 2\daniel kirwan milestone 2 - test\template\debug\bouncingball.obj
c:\users\danie\onedrive\uni\year 3\in 3026 advanced games tech\coursework\milestone 2\daniel kirwan milestone 2 - test\template\debug\bobbafett.obj
c:\users\danie\onedrive\uni\year 3\in 3026 advanced games tech\coursework\milestone 2\daniel kirwan milestone 2 - test\template\debug\audio.obj
c:\users\danie\onedrive\uni\year 3\in 3026 advanced games tech\coursework\milestone 2\daniel kirwan milestone 2 - test\template\debug\vector3f.obj
c:\users\danie\onedrive\uni\year 3\in 3026 advanced games tech\coursework\milestone 2\daniel kirwan milestone 2 - test\template\debug\texture.obj
c:\users\danie\onedrive\uni\year 3\in 3026 advanced games tech\coursework\milestone 2\daniel kirwan milestone 2 - test\template\debug\wall.obj
c:\users\danie\onedrive\uni\year 3\in 3026 advanced games tech\coursework\milestone 1\daniel kirwan milestone 1\debug\template.exe
c:\users\danie\onedrive\uni\year 3\in 3026 advanced games tech\coursework\milestone 1\daniel kirwan milestone 1\debug\template.ilk
c:\users\danie\onedrive\uni\year 3\in 3026 advanced games tech\coursework\milestone 1\daniel kirwan milestone 1\debug\template.pdb
c:\users\danie\onedrive\uni\year 3\in 3026 advanced games tech\coursework\milestone 2\daniel kirwan milestone 1\debug\template.exe
c:\users\danie\onedrive\uni\year 3\in 3026 advanced games tech\coursework\milestone 2\daniel kirwan milestone 1\debug\template.ilk
c:\users\danie\onedrive\uni\year 3\in 3026 advanced games tech\coursework\milestone 2\daniel kirwan milestone 1\debug\template.pdb
c:\users\danie\onedrive\uni\year 3\in 3026 advanced games tech\coursework\milestone 2\daniel kirwan milestone 2 - test\debug\template.exe
c:\users\danie\onedrive\uni\year 3\in 3026 advanced games tech\coursework\milestone 2\daniel kirwan milestone 2 - test\debug\template.ilk
c:\users\danie\onedrive\uni\year 3\in 3026 advanced games tech\coursework\milestone 2\daniel kirwan milestone 2 - test\debug\template.pdb
c:\users\danie\onedrive\uni\year 3\in 3026 advanced games tech\coursework\milestone 2\daniel kirwan milestone 2 - test\template\debug\template.tlog\cl.command.1.tlog
c:\users\danie\onedrive\uni\year 3\in 3026 advanced games tech\coursework\milestone 2\daniel kirwan milestone 2 - test\template\debug\template.tlog\cl.read.1.tlog
c:\users\danie\onedrive\uni\year 3\in 3026 advanced games tech\coursework\milestone 2\daniel kirwan milestone 2 - test\template\debug\template.tlog\cl.write.1.tlog
c:\users\danie\onedrive\uni\year 3\in 3026 advanced games tech\coursework\milestone 2\daniel kirwan milestone 2 - test\template\debug\template.tlog\link.command.1.tlog
c:\users\danie\onedrive\uni\year 3\in 3026 advanced games tech\coursework\milestone 2\daniel kirwan milestone 2 - test\template\debug\template.tlog\link.read.1.tlog
c:\users\danie\onedrive\uni\year 3\in 3026 advanced games tech\coursework\milestone 2\daniel kirwan milestone 2 - test\template\debug\template.tlog\link.write.1.tlog
